2023-03-24 22:18:17 24188     [INFO] ****** HyperLynx v2.6 build 14488140 
2023-03-24 22:18:17 24188     [INFO]        C:\MentorGraphics\HLVX.2.6\SDD_HOME\hyperlynx64\bsw.exe 
2023-03-24 22:18:24 24188     [INFO] Opening Project C:\Users\madcat\Documents\GitHub\deltasm\DeltaS-M\delta48m.hyp
2023-03-24 22:18:25 24188     [INFO] Opened Board: delta48m.hyp <C:\Users\madcat\Documents\GitHub\deltasm\DeltaS-M\>
2023-03-24 22:18:25 24188  [WARNING] Stackup Verifier: A dielectric layer was added near layer B.Cu.
2023-03-24 22:21:08 24188     [INFO] HyperLynx: Text not found
2023-03-24 22:22:40 24188     [INFO] Notice: In BoardSim, .EBD models can only be assigned using the .REF or .QPL files
2023-03-24 22:32:12 24188  [WARNING] Stackup Editor: Invalid thickness value. Layer thickness must be in the range 1 - 10000 um  (0.04 - 393.70 mils).
2023-03-24 22:32:14 24188  [WARNING] Stackup Editor: Invalid thickness value. Layer thickness must be in the range 1 - 10000 um  (0.04 - 393.70 mils).
2023-03-24 22:32:23 24188  [WARNING] Stackup Editor: Invalid thickness value. Layer thickness must be in the range 1 - 10000 um  (0.04 - 393.70 mils).
2023-03-24 22:32:27 24188  [WARNING] Stackup Editor: Invalid thickness value. Layer thickness must be in the range 1 - 10000 um  (0.04 - 393.70 mils).
2023-03-25 20:49:23 24188     [INFO] Close HyperLynx Session: Design file: delta48m.hyp Save session edits (Yes/No)?  YES -> save, then close NO  -> close - The "No" button was selected
2023-03-25 20:49:26 24188     [INFO] Closing Design: delta48m.hyp
2023-03-25 20:49:26 24188     [INFO] ****** Closing HyperLynx 
2023-03-27 21:44:48 13416     [INFO] ****** HyperLynx v2.6 build 14488140 
2023-03-27 21:44:48 13416     [INFO]        C:\MentorGraphics\HLVX.2.6\SDD_HOME\hyperlynx64\BSW.EXE /dde 
2023-03-27 21:44:48 13416     [INFO] Opening Project C:\Users\madcat\Documents\GitHub\deltasm\DeltaS-M\delta48m.hyp
2023-03-27 21:44:48 13416     [INFO] Opened Board: delta48m.hyp <C:\Users\madcat\Documents\GitHub\deltasm\DeltaS-M\>
2023-03-27 21:53:35 13416  [WARNING] Warning: No probes are enabled. Please enable at least one before simulating.
2023-03-27 22:02:19 13416     [INFO] Close HyperLynx Session: Design file: delta48m.hyp Save session edits (Yes/No)?  YES -> save, then close NO  -> close - The "No" button was selected
2023-03-27 22:02:22 13416     [INFO] Closing Design: delta48m.hyp
2023-03-27 22:02:22 13416     [INFO] ****** Closing HyperLynx 
2023-08-24 16:22:46 17132     [INFO] ****** HyperLynx v2.6 build 14488140 
2023-08-24 16:22:46 17132     [INFO]        C:\MentorGraphics\HLVX.2.6\SDD_HOME\hyperlynx64\BSW.EXE /dde 
2023-08-24 16:22:46 17132     [INFO] Opening Project C:\Users\madcat\Documents\GitHub\deltasm\DeltaS-M\delta48m.hyp
2023-08-24 16:22:46 17132     [INFO] Opened Board: delta48m.hyp <C:\Users\madcat\Documents\GitHub\deltasm\DeltaS-M\>
2023-08-24 16:23:25 17132  [WARNING] No driver on selected net. Choose a driver now? - The "No" button was selected
2023-08-24 16:23:48 17132  [WARNING] No driver on selected net. Choose a driver now? - The "No" button was selected
2023-08-24 16:24:02 17132  [WARNING] No driver on selected net. Choose a driver now? - The "No" button was selected
2023-08-24 16:24:31 17132  [WARNING] No driver on selected net. Choose a driver now? - The "No" button was selected
2023-08-24 16:24:43 17132     [INFO] Close HyperLynx Session: Design file: delta48m.hyp Save session edits (Yes/No)?  YES -> save, then close NO  -> close - The "No" button was selected
2023-08-24 16:24:45 17132     [INFO] Closing Design: delta48m.hyp
2023-08-24 16:24:46 17132     [INFO] ****** Closing HyperLynx 
2023-12-13 19:46:18 17992     [INFO] ****** HyperLynx v2.6 build 14488140 
2023-12-13 19:46:18 17992     [INFO]        C:\MentorGraphics\HLVX.2.6\SDD_HOME\hyperlynx64\BSW.EXE /dde 
2023-12-13 19:46:19 17992     [INFO] Opening Project C:\Users\madcat\Documents\GitHub\Delta-S-M\delta48m.hyp
2023-12-13 19:46:19 17992     [INFO] Opened Board: delta48m.hyp <C:\Users\madcat\Documents\GitHub\Delta-S-M\>
2023-12-13 19:46:22 17992     [INFO] Close HyperLynx Session: Design file: delta48m.hyp Save session edits (Yes/No)?  YES -> save, then close NO  -> close - The "No" button was selected
2023-12-13 19:46:24 17992     [INFO] Closing Design: delta48m.hyp
2023-12-13 19:46:26 17992     [INFO] ****** Closing HyperLynx 
2023-12-30 19:38:47 27176     [INFO] ****** HyperLynx v2.6 build 14488140 
2023-12-30 19:38:47 27176     [INFO]        C:\MentorGraphics\HLVX.2.6\SDD_HOME\hyperlynx64\BSW.EXE /dde 
2023-12-30 19:38:47 27176     [INFO] Opening Project C:\Users\madcat\Documents\GitHub\Delta-S-M\delta48m.hyp
2023-12-30 19:38:48 27176     [INFO] Opened Board: delta48m.hyp <C:\Users\madcat\Documents\GitHub\Delta-S-M\>
2023-12-30 19:38:54 27176     [INFO] Notice: Please select a net.
2023-12-30 19:39:12 27176  [WARNING] No driver on selected net. Choose a driver now? - The "No" button was selected
2023-12-30 19:39:15 27176     [INFO] Close HyperLynx Session: Design file: delta48m.hyp Save session edits (Yes/No)?  YES -> save, then close NO  -> close - The "No" button was selected
2023-12-30 19:39:18 27176     [INFO] Closing Design: delta48m.hyp
2023-12-30 19:39:19 27176     [INFO] ****** Closing HyperLynx 
2024-01-17 02:07:26 28752     [INFO] ****** Closing HyperLynx 
2024-03-15 18:09:50 4508     [INFO] ****** HyperLynx v2.6 build 14488140 
2024-03-15 18:09:50 4508     [INFO]        C:\MentorGraphics\HLVX.2.6\SDD_HOME\hyperlynx64\BSW.EXE /dde 
2024-03-15 18:09:50 4508     [INFO] Opening Project C:\Users\madcat\Documents\GitHub\Delta-S-M\delta48m.hyp
2024-03-15 18:09:50 4508     [INFO] Opened Board: delta48m.hyp <C:\Users\madcat\Documents\GitHub\Delta-S-M\>
2024-03-15 18:10:23 4508  [WARNING] No driver on selected net. Choose a driver now? - The "Yes" button was selected
2024-03-15 18:10:26 4508  [WARNING] No driver on selected net. Choose a driver now? - The "No" button was selected
2024-03-15 18:15:03 4508  [WARNING] Export to Free-Form Schematic: The current stackup has no plane layers. LineSim will assume the presence of a distant ground to calculate impedances and delays. 
2024-03-15 18:15:12 23540     [INFO] ****** HyperLynx v2.6 build 14488140 
2024-03-15 18:15:12 23540     [INFO]        C:\MentorGraphics\HLVX.2.6\SDD_HOME\hyperlynx64\BSW.EXE -FEATM:HYP -INIF:C:\MentorGraphics\HLVX.2.6\SDD_HOME\hyperlynx64\BSW.ini C:\Users\madcat\Documents\GitHub\Delta-S-M\A6.ffs 
2024-03-15 18:15:12 23540     [INFO] Opening Project C:\Users\madcat\Documents\GitHub\Delta-S-M\A6.ffs
2024-03-15 18:15:12 23540     [INFO] Opened Schematic: C:\Users\madcat\Documents\GitHub\Delta-S-M\A6.ffs
2024-03-15 18:18:43 23540     [INFO] HyperLynx: Сохранить изменения в A6.ffs? - The "No" button was selected
2024-03-15 18:18:44 23540     [INFO] Closing Schematic: A6.ffs
2024-03-15 18:18:46 23540     [INFO] ****** Closing HyperLynx 
2024-03-15 18:20:16 4508  [WARNING] Batch Mode: C:\Users\madcat\Documents\GitHub\Delta-S-M\delta48m.TXT already exists. Do you want to replace it? - The "Yes" button was selected
2024-03-15 18:20:39 4508  [WARNING] Batch Mode: C:\Users\madcat\Documents\GitHub\Delta-S-M\delta48m.TXT already exists. Do you want to replace it? - The "Yes" button was selected
2024-03-15 18:21:57 4508  [WARNING] Batch Mode: C:\Users\madcat\Documents\GitHub\Delta-S-M\delta48m.TXT already exists. Do you want to replace it? - The "Yes" button was selected
2024-03-15 18:25:11 4508     [INFO] Close HyperLynx Session: Design file: delta48m.hyp Save session edits (Yes/No)?  YES -> save, then close NO  -> close - The "Yes" button was selected
2024-03-15 18:25:16 4508     [INFO] Closing Design: delta48m.hyp
2024-03-15 18:25:17 4508     [INFO] ****** Closing HyperLynx 
2024-03-15 18:25:33 2948     [INFO] ****** HyperLynx v2.6 build 14488140 
2024-03-15 18:25:33 2948     [INFO]        C:\MentorGraphics\HLVX.2.6\SDD_HOME\hyperlynx64\BSW.EXE /dde 
2024-03-15 18:25:33 2948     [INFO] Opening Project C:\Users\madcat\Documents\GitHub\Delta-S-M\delta48m.hyp
2024-03-15 18:25:34 2948     [INFO] Opened Board: delta48m.hyp <C:\Users\madcat\Documents\GitHub\Delta-S-M\>
2024-03-15 18:25:43 2948  [WARNING] Batch Mode: C:\Users\madcat\Documents\GitHub\Delta-S-M\delta48m.TXT already exists. Do you want to replace it? - The "Yes" button was selected
2024-03-15 18:26:02 2948  [WARNING] Export To ICX: Can't export boards with no plane layers; please add at least one plane layer in the stackup editor and try again.
2024-03-15 18:26:09 2948  [WARNING] HyperLynx: Warning! The selected vendor did not generate the current .HYP file; back-annotation may therefore be erroneous or impossible. Continue anyway? - The "Yes" button was selected
2024-03-15 18:26:20 2948     [INFO] HyperLynx: Important! Quick terminators may now exist redundantly in both your source design and your BoardSim session file (.BUD) To eliminate them from the .BUD file, generate a new .HYP file; load it into BoardSim with the Quick Terminators check box disabled; and re-save the .BUD file. For more details, see the BoardSim documentation.
2024-03-15 18:26:25 2948  [WARNING] Batch Mode: C:\Users\madcat\Documents\GitHub\Delta-S-M\delta48m.TXT already exists. Do you want to replace it? - The "Yes" button was selected
2024-03-15 18:26:49 2948     [INFO] Close HyperLynx Session: Design file: delta48m.hyp Save session edits (Yes/No)?  YES -> save, then close NO  -> close - The "Yes" button was selected
2024-03-15 18:26:51 2948     [INFO] Closing Design: delta48m.hyp
2024-03-15 18:26:52 2948     [INFO] ****** Closing HyperLynx 
2024-03-15 18:42:58 15788     [INFO] ****** HyperLynx v2.6 build 14488140 
2024-03-15 18:42:58 15788     [INFO]        C:\MentorGraphics\HLVX.2.6\SDD_HOME\hyperlynx64\bsw.exe 
2024-03-15 18:43:38 15788     [INFO] Creating New Schematic
2024-03-15 18:47:00 15788    [ERROR] C:\MentorGraphics\HLVX.2.6\SDD_HOME\hyperlynx64\Libs\ibis_err.ibs:   	Success : Parse succeeded on file C:/MentorGraphics/HLVX.2.6/SDD_HOME/hyperlynx64/Libs/hammer940pin_rev_015.ibs.  	Error :   	Error :  at line 38 in file C:/MentorGraphics/HLVX.2.6/SDD_HOME/hyperlynx64/Libs/ibis_err.ibs : syntax error, unexpected NewLineToken  	Error : Parse failed on file C:/MentorGraphics/HLVX.2.6/SDD_HOME/hyperlynx64/Libs/ibis_err.ibs.  
2024-03-15 18:56:11 5432     [INFO] ****** HyperLynx v2.6 build 14488140 
2024-03-15 18:56:11 5432     [INFO]        C:\MentorGraphics\HLVX.2.6\SDD_HOME\hyperlynx64\bsw.exe -FEATM:HYP -INIF:C:\MentorGraphics\HLVX.2.6\SDD_HOME\hyperlynx64\bsw.ini C:\Users\madcat\Documents\GitHub\Delta-S-M\delta48m.hyp 
2024-03-15 18:56:11 5432     [INFO] Opening Project C:\Users\madcat\Documents\GitHub\Delta-S-M\delta48m.hyp
2024-03-15 18:56:15 5432  [WARNING] Warning: In file C:\Users\madcat\Documents\GitHub\Delta-S-M\delta48m.bud Syntax error: NET_SIM_PARAMS subrecord missing P keyword at line 371 
2024-03-15 18:56:16 5432     [INFO] Opened Board: delta48m.hyp <C:\Users\madcat\Documents\GitHub\Delta-S-M\>
2024-03-15 19:02:15 5432  [WARNING] Export to Free-Form Schematic: The current stackup has no plane layers. LineSim will assume the presence of a distant ground to calculate impedances and delays. 
2024-03-15 19:02:21 25252     [INFO] ****** HyperLynx v2.6 build 14488140 
2024-03-15 19:02:21 25252     [INFO]        C:\MentorGraphics\HLVX.2.6\SDD_HOME\hyperlynx64\bsw.exe -FEATM:HYP -INIF:C:\MentorGraphics\HLVX.2.6\SDD_HOME\hyperlynx64\bsw.ini C:\Users\madcat\Documents\GitHub\Delta-S-M\A12.ffs 
2024-03-15 19:02:21 25252     [INFO] Opening Project C:\Users\madcat\Documents\GitHub\Delta-S-M\A12.ffs
2024-03-15 19:02:21 25252     [INFO] Opened Schematic: C:\Users\madcat\Documents\GitHub\Delta-S-M\A12.ffs
2024-03-15 22:00:01 5432     [INFO] Close HyperLynx Session: Design file: delta48m.hyp Save session edits (Yes/No)?  YES -> save, then close NO  -> close - The "No" button was selected
2024-03-15 22:00:04 5432     [INFO] Closing Design: delta48m.hyp
2024-03-15 22:00:06 5432     [INFO] ****** Closing HyperLynx 
2024-03-15 22:00:08 15788     [INFO] HyperLynx: Сохранить изменения в Untitled.ffs? - The "No" button was selected
2024-03-15 22:00:09 15788     [INFO] Closing Schematic: Untitled.ffs
2024-03-15 21:59:59 25252     [INFO] HyperLynx: Сохранить изменения в A12.ffs? - The "No" button was selected
2024-03-15 22:00:11 25252     [INFO] Closing Schematic: A12.ffs
2024-03-15 22:00:13 15788     [INFO] ****** Closing HyperLynx 
2024-03-15 22:00:14 25252     [INFO] ****** Closing HyperLynx 
2024-03-17 23:09:17 25088     [INFO] ****** HyperLynx v2.6 build 14488140 
2024-03-17 23:09:17 25088     [INFO]        C:\MentorGraphics\HLVX.2.6\SDD_HOME\hyperlynx64\bsw.exe 
2024-03-17 23:09:22 25088     [INFO] Creating New Schematic
2024-03-17 23:10:21 25088  [WARNING] No driver on selected net. Choose a driver now? - The "Yes" button was selected
2024-03-17 23:10:23 25088  [WARNING] No driver on selected net. Choose a driver now? - The "No" button was selected
2024-03-17 23:32:58 25088     [INFO] HyperLynx: Сохранить изменения в Untitled.ffs? - The "No" button was selected
2024-03-17 23:33:00 25088     [INFO] Closing Schematic: Untitled.ffs
2024-03-17 23:33:02 25088     [INFO] ****** Closing HyperLynx 
